This file contains any messages produced by compilers while
running configure, to aid debugging if configure makes a mistake.

It was created by openocd configure 0.12.0+dev, which was
generated by GNU Autoconf 2.71.  Invocation command line was

  $ ./configure --prefix=/home/WCH/OpenOCD/CH347 --enable-ch347 CFLAGS= LIBS= --no-create --no-recursion

## --------- ##
## Platform. ##
## --------- ##

hostname = oidcat
uname -m = x86_64
uname -r = 5.19.0-32-generic
uname -s = Linux
uname -v = #33~22.04.1-Ubuntu SMP PREEMPT_DYNAMIC Mon Jan 30 17:03:34 UTC 2

/usr/bin/uname -p = x86_64
/bin/uname -X     = unknown

/bin/arch              = x86_64
/usr/bin/arch -k       = unknown
/usr/convex/getsysinfo = unknown
/usr/bin/hostinfo      = unknown
/bin/machine           = unknown
/usr/bin/oslevel       = unknown
/bin/universe          = unknown

PATH: /usr/local/sbin/
PATH: /usr/local/bin/
PATH: /usr/sbin/
PATH: /usr/bin/
PATH: /sbin/
PATH: /bin/
PATH: /usr/games/
PATH: /usr/local/games/
PATH: /snap/bin/
PATH: /snap/bin/


## ----------- ##
## Core tests. ##
## ----------- ##

configure:2832: looking for aux files: config.guess config.sub ltmain.sh compile missing install-sh
configure:2845:  trying ./build-aux/
configure:2874:   ./build-aux/config.guess found
configure:2874:   ./build-aux/config.sub found
configure:2874:   ./build-aux/ltmain.sh found
configure:2874:   ./build-aux/compile found
configure:2874:   ./build-aux/missing found
configure:2856:   ./build-aux/install-sh found
configure:2993: checking for makeinfo
configure:3028: result: no
configure:3037: WARNING: Info documentation will not be built.
configure:3061: checking for a BSD-compatible install
configure:3134: result: /usr/bin/install -c
configure:3145: checking whether build environment is sane
configure:3200: result: yes
configure:3359: checking for a race-free mkdir -p
configure:3403: result: /usr/bin/mkdir -p
configure:3410: checking for gawk
configure:3431: found /usr/bin/gawk
configure:3442: result: gawk
configure:3453: checking whether make sets $(MAKE)
configure:3476: result: yes
configure:3506: checking whether make supports nested variables
configure:3524: result: yes
configure:3732: checking for gcc
configure:3753: found /usr/bin/gcc
configure:3764: result: gcc
configure:4117: checking for C compiler version
configure:4126: gcc --version >&5
gcc (Ubuntu 11.3.0-1ubuntu1~22.04) 11.3.0
Copyright (C) 2021 Free Software Foundation, Inc.
This is free software; see the source for copying conditions.  There is NO
warranty; not even for MERCHANTABILITY or FITNESS FOR A PARTICULAR PURPOSE.

configure:4137: $? = 0
configure:4126: gcc -v >&5
Using built-in specs.
COLLECT_GCC=gcc
COLLECT_LTO_WRAPPER=/usr/lib/gcc/x86_64-linux-gnu/11/lto-wrapper
OFFLOAD_TARGET_NAMES=nvptx-none:amdgcn-amdhsa
OFFLOAD_TARGET_DEFAULT=1
Target: x86_64-linux-gnu
Configured with: ../src/configure -v --with-pkgversion='Ubuntu 11.3.0-1ubuntu1~22.04' --with-bugurl=file:///usr/share/doc/gcc-11/README.Bugs --enable-languages=c,ada,c++,go,brig,d,fortran,objc,obj-c++,m2 --prefix=/usr --with-gcc-major-version-only --program-suffix=-11 --program-prefix=x86_64-linux-gnu- --enable-shared --enable-linker-build-id --libexecdir=/usr/lib --without-included-gettext --enable-threads=posix --libdir=/usr/lib --enable-nls --enable-bootstrap --enable-clocale=gnu --enable-libstdcxx-debug --enable-libstdcxx-time=yes --with-default-libstdcxx-abi=new --enable-gnu-unique-object --disable-vtable-verify --enable-plugin --enable-default-pie --with-system-zlib --enable-libphobos-checking=release --with-target-system-zlib=auto --enable-objc-gc=auto --enable-multiarch --disable-werror --enable-cet --with-arch-32=i686 --with-abi=m64 --with-multilib-list=m32,m64,mx32 --enable-multilib --with-tune=generic --enable-offload-targets=nvptx-none=/build/gcc-11-xKiWfi/gcc-11-11.3.0/debian/tmp-nvptx/usr,amdgcn-amdhsa=/build/gcc-11-xKiWfi/gcc-11-11.3.0/debian/tmp-gcn/usr --without-cuda-driver --enable-checking=release --build=x86_64-linux-gnu --host=x86_64-linux-gnu --target=x86_64-linux-gnu --with-build-config=bootstrap-lto-lean --enable-link-serialization=2
Thread model: posix
Supported LTO compression algorithms: zlib zstd
gcc version 11.3.0 (Ubuntu 11.3.0-1ubuntu1~22.04) 
... rest of stderr output deleted ...
configure:4137: $? = 0
configure:4126: gcc -V >&5
gcc: error: unrecognized command-line option '-V'
gcc: fatal error: no input files
compilation terminated.
configure:4137: $? = 1
configure:4126: gcc -qversion >&5
gcc: error: unrecognized command-line option '-qversion'; did you mean '--version'?
gcc: fatal error: no input files
compilation terminated.
configure:4137: $? = 1
configure:4126: gcc -version >&5
gcc: error: unrecognized command-line option '-version'
gcc: fatal error: no input files
compilation terminated.
configure:4137: $? = 1
configure:4157: checking whether the C compiler works
configure:4179: gcc    conftest.c  >&5
configure:4183: $? = 0
configure:4233: result: yes
configure:4236: checking for C compiler default output file name
configure:4238: result: a.out
configure:4244: checking for suffix of executables
configure:4251: gcc -o conftest    conftest.c  >&5
configure:4255: $? = 0
configure:4278: result: 
configure:4300: checking whether we are cross compiling
configure:4308: gcc -o conftest    conftest.c  >&5
configure:4312: $? = 0
configure:4319: ./conftest
configure:4323: $? = 0
configure:4338: result: no
configure:4343: checking for suffix of object files
configure:4366: gcc -c   conftest.c >&5
configure:4370: $? = 0
configure:4392: result: o
configure:4396: checking whether the compiler supports GNU C
configure:4416: gcc -c   conftest.c >&5
configure:4416: $? = 0
configure:4426: result: yes
configure:4437: checking whether gcc accepts -g
configure:4458: gcc -c -g  conftest.c >&5
configure:4458: $? = 0
configure:4502: result: yes
configure:4522: checking for gcc option to enable C11 features
configure:4537: gcc  -c   conftest.c >&5
configure:4537: $? = 0
configure:4555: result: none needed
configure:4671: checking whether gcc understands -c and -o together
configure:4694: gcc -c conftest.c -o conftest2.o
configure:4697: $? = 0
configure:4694: gcc -c conftest.c -o conftest2.o
configure:4697: $? = 0
configure:4709: result: yes
configure:4729: checking whether make supports the include directive
configure:4744: make -f confmf.GNU && cat confinc.out
make[3]: Entering directory '/home/oidcat/WCH/OpenOCD/openocd-code'
make[3]: Leaving directory '/home/oidcat/WCH/OpenOCD/openocd-code'
this is the am__doit target
configure:4747: $? = 0
configure:4766: result: yes (GNU style)
configure:4792: checking dependency style of gcc
configure:4904: result: gcc3
configure:4970: checking for ranlib
configure:4991: found /usr/bin/ranlib
configure:5002: result: ranlib
configure:5087: checking for pkg-config
configure:5110: found /usr/bin/pkg-config
configure:5122: result: /usr/bin/pkg-config
configure:5147: checking pkg-config is at least version 0.23
configure:5150: result: yes
configure:5226: checking build system type
configure:5241: result: x86_64-pc-linux-gnu
configure:5261: checking host system type
configure:5275: result: x86_64-pc-linux-gnu
configure:5316: checking how to print strings
configure:5343: result: printf
configure:5364: checking for a sed that does not truncate output
configure:5434: result: /usr/bin/sed
configure:5452: checking for grep that handles long lines and -e
configure:5516: result: /usr/bin/grep
configure:5521: checking for egrep
configure:5589: result: /usr/bin/grep -E
configure:5594: checking for fgrep
configure:5662: result: /usr/bin/grep -F
configure:5698: checking for ld used by gcc
configure:5766: result: /usr/bin/ld
configure:5773: checking if the linker (/usr/bin/ld) is GNU ld
configure:5789: result: yes
configure:5801: checking for BSD- or MS-compatible name lister (nm)
configure:5856: result: /usr/bin/nm -B
configure:5996: checking the name lister (/usr/bin/nm -B) interface
configure:6004: gcc -c   conftest.c >&5
configure:6007: /usr/bin/nm -B "conftest.o"
configure:6010: output
0000000000000000 B some_variable
configure:6017: result: BSD nm
configure:6020: checking whether ln -s works
configure:6024: result: yes
configure:6032: checking the maximum length of command line arguments
configure:6164: result: 1572864
configure:6212: checking how to convert x86_64-pc-linux-gnu file names to x86_64-pc-linux-gnu format
configure:6253: result: func_convert_file_noop
configure:6260: checking how to convert x86_64-pc-linux-gnu file names to toolchain format
configure:6281: result: func_convert_file_noop
configure:6288: checking for /usr/bin/ld option to reload object files
configure:6296: result: -r
configure:6375: checking for objdump
configure:6396: found /usr/bin/objdump
configure:6407: result: objdump
configure:6439: checking how to recognize dependent libraries
configure:6640: result: pass_all
configure:6730: checking for dlltool
configure:6765: result: no
configure:6795: checking how to associate runtime and link libraries
configure:6823: result: printf %s\n
configure:6889: checking for ar
configure:6910: found /usr/bin/ar
configure:6921: result: ar
configure:6958: checking for archiver @FILE support
configure:6976: gcc -c   conftest.c >&5
configure:6976: $? = 0
configure:6980: ar cr libconftest.a @conftest.lst >&5
configure:6983: $? = 0
configure:6988: ar cr libconftest.a @conftest.lst >&5
ar: conftest.o: No such file or directory
configure:6991: $? = 1
configure:7003: result: @
configure:7066: checking for strip
configure:7087: found /usr/bin/strip
configure:7098: result: strip
configure:7175: checking for ranlib
configure:7207: result: ranlib
configure:7309: checking command to parse /usr/bin/nm -B output from gcc object
configure:7463: gcc -c   conftest.c >&5
configure:7466: $? = 0
configure:7470: /usr/bin/nm -B conftest.o | sed -n -e 's/^.*[	 ]\([ABCDGIRSTW][ABCDGIRSTW]*\)[	 ][	 ]*\([_A-Za-z][_A-Za-z0-9]*\)$/\1 \2 \2/p' | sed '/ __gnu_lto/d' > conftest.nm
configure:7536: gcc -o conftest    conftest.c conftstm.o >&5
configure:7539: $? = 0
configure:7577: result: ok
configure:7624: checking for sysroot
configure:7655: result: no
configure:7662: checking for a working dd
configure:7706: result: /usr/bin/dd
configure:7710: checking how to truncate binary pipes
configure:7726: result: /usr/bin/dd bs=4096 count=1
configure:7863: gcc -c   conftest.c >&5
configure:7866: $? = 0
configure:8063: checking for mt
configure:8084: found /usr/bin/mt
configure:8095: result: mt
configure:8118: checking if mt is a manifest tool
configure:8125: mt '-?'
configure:8133: result: no
configure:8863: checking for stdio.h
configure:8863: gcc -c   conftest.c >&5
configure:8863: $? = 0
configure:8863: result: yes
configure:8863: checking for stdlib.h
configure:8863: gcc -c   conftest.c >&5
configure:8863: $? = 0
configure:8863: result: yes
configure:8863: checking for string.h
configure:8863: gcc -c   conftest.c >&5
configure:8863: $? = 0
configure:8863: result: yes
configure:8863: checking for inttypes.h
configure:8863: gcc -c   conftest.c >&5
configure:8863: $? = 0
configure:8863: result: yes
configure:8863: checking for stdint.h
configure:8863: gcc -c   conftest.c >&5
configure:8863: $? = 0
configure:8863: result: yes
configure:8863: checking for strings.h
configure:8863: gcc -c   conftest.c >&5
configure:8863: $? = 0
configure:8863: result: yes
configure:8863: checking for sys/stat.h
configure:8863: gcc -c   conftest.c >&5
configure:8863: $? = 0
configure:8863: result: yes
configure:8863: checking for sys/types.h
configure:8863: gcc -c   conftest.c >&5
configure:8863: $? = 0
configure:8863: result: yes
configure:8863: checking for unistd.h
configure:8863: gcc -c   conftest.c >&5
configure:8863: $? = 0
configure:8863: result: yes
configure:8888: checking for dlfcn.h
configure:8888: gcc -c   conftest.c >&5
configure:8888: $? = 0
configure:8888: result: yes
configure:9116: checking for objdir
configure:9132: result: .libs
configure:9392: checking if gcc supports -fno-rtti -fno-exceptions
configure:9411: gcc -c   -fno-rtti -fno-exceptions conftest.c >&5
cc1: warning: command-line option '-fno-rtti' is valid for C++/D/ObjC++ but not for C
configure:9415: $? = 0
configure:9428: result: no
configure:9792: checking for gcc option to produce PIC
configure:9800: result: -fPIC -DPIC
configure:9808: checking if gcc PIC flag -fPIC -DPIC works
configure:9827: gcc -c   -fPIC -DPIC -DPIC conftest.c >&5
configure:9831: $? = 0
configure:9844: result: yes
configure:9873: checking if gcc static flag -static works
configure:9902: result: yes
configure:9917: checking if gcc supports -c -o file.o
configure:9939: gcc -c   -o out/conftest2.o conftest.c >&5
configure:9943: $? = 0
configure:9965: result: yes
configure:9973: checking if gcc supports -c -o file.o
configure:10021: result: yes
configure:10054: checking whether the gcc linker (/usr/bin/ld -m elf_x86_64) supports shared libraries
configure:11324: result: yes
configure:11565: checking dynamic linker characteristics
configure:12147: gcc -o conftest    -Wl,-rpath -Wl,/foo conftest.c  >&5
configure:12147: $? = 0
configure:12398: result: GNU/Linux ld.so
configure:12520: checking how to hardcode library paths into programs
configure:12545: result: immediate
configure:13097: checking whether stripping libraries is possible
configure:13102: result: yes
configure:13137: checking if libtool supports shared libraries
configure:13139: result: yes
configure:13142: checking whether to build shared libraries
configure:13167: result: no
configure:13170: checking whether to build static libraries
configure:13174: result: yes
configure:13213: checking for an ANSI C-conforming const
configure:13280: gcc -c   conftest.c >&5
configure:13280: $? = 0
configure:13288: result: yes
configure:13297: checking for unsigned long long int
configure:13339: gcc -o conftest    conftest.c  >&5
configure:13339: $? = 0
configure:13349: result: yes
configure:13359: checking for long long int
configure:13401: gcc -o conftest    conftest.c  >&5
configure:13401: $? = 0
configure:13401: ./conftest
configure:13401: $? = 0
configure:13414: result: yes
configure:13423: checking for library containing ioperm
configure:13453: gcc -o conftest    conftest.c  >&5
configure:13453: $? = 0
configure:13473: result: none required
configure:13482: checking for library containing dlopen
configure:13512: gcc -o conftest    conftest.c  >&5
configure:13512: $? = 0
configure:13532: result: none required
configure:13541: checking for library containing openpty
configure:13571: gcc -o conftest    conftest.c  >&5
configure:13571: $? = 0
configure:13591: result: none required
configure:13601: checking for sys/socket.h
configure:13601: gcc -c   conftest.c >&5
configure:13601: $? = 0
configure:13601: result: yes
configure:13608: checking for elf.h
configure:13608: gcc -c   conftest.c >&5
configure:13608: $? = 0
configure:13608: result: yes
configure:13620: checking how to run the C preprocessor
configure:13646: gcc -E  conftest.c
configure:13646: $? = 0
configure:13661: gcc -E  conftest.c
conftest.c:27:10: fatal error: ac_nonexistent.h: No such file or directory
   27 | #include <ac_nonexistent.h>
      |          ^~~~~~~~~~~~~~~~~~
compilation terminated.
configure:13661: $? = 1
configure: failed program was:
| /* confdefs.h */
| #define PACKAGE_NAME "openocd"
| #define PACKAGE_TARNAME "openocd"
| #define PACKAGE_VERSION "0.12.0+dev"
| #define PACKAGE_STRING "openocd 0.12.0+dev"
| #define PACKAGE_BUGREPORT "OpenOCD Mailing List <openocd-devel@lists.sourceforge.net>"
| #define PACKAGE_URL ""
| #define PACKAGE "openocd"
| #define VERSION "0.12.0+dev"
| #define HAVE_STDIO_H 1
| #define HAVE_STDLIB_H 1
| #define HAVE_STRING_H 1
| #define HAVE_INTTYPES_H 1
| #define HAVE_STDINT_H 1
| #define HAVE_STRINGS_H 1
| #define HAVE_SYS_STAT_H 1
| #define HAVE_SYS_TYPES_H 1
| #define HAVE_UNISTD_H 1
| #define STDC_HEADERS 1
| #define HAVE_DLFCN_H 1
| #define LT_OBJDIR ".libs/"
| #define HAVE_UNSIGNED_LONG_LONG_INT 1
| #define HAVE_LONG_LONG_INT 1
| #define HAVE_SYS_SOCKET_H 1
| #define HAVE_ELF_H 1
| /* end confdefs.h.  */
| #include <ac_nonexistent.h>
configure:13688: result: gcc -E
configure:13702: gcc -E  conftest.c
configure:13702: $? = 0
configure:13717: gcc -E  conftest.c
conftest.c:27:10: fatal error: ac_nonexistent.h: No such file or directory
   27 | #include <ac_nonexistent.h>
      |          ^~~~~~~~~~~~~~~~~~
compilation terminated.
configure:13717: $? = 1
configure: failed program was:
| /* confdefs.h */
| #define PACKAGE_NAME "openocd"
| #define PACKAGE_TARNAME "openocd"
| #define PACKAGE_VERSION "0.12.0+dev"
| #define PACKAGE_STRING "openocd 0.12.0+dev"
| #define PACKAGE_BUGREPORT "OpenOCD Mailing List <openocd-devel@lists.sourceforge.net>"
| #define PACKAGE_URL ""
| #define PACKAGE "openocd"
| #define VERSION "0.12.0+dev"
| #define HAVE_STDIO_H 1
| #define HAVE_STDLIB_H 1
| #define HAVE_STRING_H 1
| #define HAVE_INTTYPES_H 1
| #define HAVE_STDINT_H 1
| #define HAVE_STRINGS_H 1
| #define HAVE_SYS_STAT_H 1
| #define HAVE_SYS_TYPES_H 1
| #define HAVE_UNISTD_H 1
| #define STDC_HEADERS 1
| #define HAVE_DLFCN_H 1
| #define LT_OBJDIR ".libs/"
| #define HAVE_UNSIGNED_LONG_LONG_INT 1
| #define HAVE_LONG_LONG_INT 1
| #define HAVE_SYS_SOCKET_H 1
| #define HAVE_ELF_H 1
| /* end confdefs.h.  */
| #include <ac_nonexistent.h>
configure:13764: checking for fcntl.h
configure:13764: gcc -c   conftest.c >&5
configure:13764: $? = 0
configure:13764: result: yes
configure:13771: checking for malloc.h
configure:13771: gcc -c   conftest.c >&5
configure:13771: $? = 0
configure:13771: result: yes
configure:13778: checking for netdb.h
configure:13778: gcc -c   conftest.c >&5
configure:13778: $? = 0
configure:13778: result: yes
configure:13785: checking for poll.h
configure:13785: gcc -c   conftest.c >&5
configure:13785: $? = 0
configure:13785: result: yes
configure:13792: checking for strings.h
configure:13792: result: yes
configure:13799: checking for sys/ioctl.h
configure:13799: gcc -c   conftest.c >&5
configure:13799: $? = 0
configure:13799: result: yes
configure:13806: checking for sys/param.h
configure:13806: gcc -c   conftest.c >&5
configure:13806: $? = 0
configure:13806: result: yes
configure:13813: checking for sys/select.h
configure:13813: gcc -c   conftest.c >&5
configure:13813: $? = 0
configure:13813: result: yes
configure:13820: checking for sys/stat.h
configure:13820: result: yes
configure:13827: checking for sys/sysctl.h
configure:13827: gcc -c   conftest.c >&5
conftest.c:65:10: fatal error: sys/sysctl.h: No such file or directory
   65 | #include <sys/sysctl.h>
      |          ^~~~~~~~~~~~~~
compilation terminated.
configure:13827: $? = 1
configure: failed program was:
| /* confdefs.h */
| #define PACKAGE_NAME "openocd"
| #define PACKAGE_TARNAME "openocd"
| #define PACKAGE_VERSION "0.12.0+dev"
| #define PACKAGE_STRING "openocd 0.12.0+dev"
| #define PACKAGE_BUGREPORT "OpenOCD Mailing List <openocd-devel@lists.sourceforge.net>"
| #define PACKAGE_URL ""
| #define PACKAGE "openocd"
| #define VERSION "0.12.0+dev"
| #define HAVE_STDIO_H 1
| #define HAVE_STDLIB_H 1
| #define HAVE_STRING_H 1
| #define HAVE_INTTYPES_H 1
| #define HAVE_STDINT_H 1
| #define HAVE_STRINGS_H 1
| #define HAVE_SYS_STAT_H 1
| #define HAVE_SYS_TYPES_H 1
| #define HAVE_UNISTD_H 1
| #define STDC_HEADERS 1
| #define HAVE_DLFCN_H 1
| #define LT_OBJDIR ".libs/"
| #define HAVE_UNSIGNED_LONG_LONG_INT 1
| #define HAVE_LONG_LONG_INT 1
| #define HAVE_SYS_SOCKET_H 1
| #define HAVE_ELF_H 1
| #define HAVE_ELF64 1
| #define HAVE_FCNTL_H 1
| #define HAVE_MALLOC_H 1
| #define HAVE_NETDB_H 1
| #define HAVE_POLL_H 1
| #define HAVE_STRINGS_H 1
| #define HAVE_SYS_IOCTL_H 1
| #define HAVE_SYS_PARAM_H 1
| #define HAVE_SYS_SELECT_H 1
| #define HAVE_SYS_STAT_H 1
| /* end confdefs.h.  */
| #include <stddef.h>
| #ifdef HAVE_STDIO_H
| # include <stdio.h>
| #endif
| #ifdef HAVE_STDLIB_H
| # include <stdlib.h>
| #endif
| #ifdef HAVE_STRING_H
| # include <string.h>
| #endif
| #ifdef HAVE_INTTYPES_H
| # include <inttypes.h>
| #endif
| #ifdef HAVE_STDINT_H
| # include <stdint.h>
| #endif
| #ifdef HAVE_STRINGS_H
| # include <strings.h>
| #endif
| #ifdef HAVE_SYS_TYPES_H
| # include <sys/types.h>
| #endif
| #ifdef HAVE_SYS_STAT_H
| # include <sys/stat.h>
| #endif
| #ifdef HAVE_UNISTD_H
| # include <unistd.h>
| #endif
| #include <sys/sysctl.h>
configure:13827: result: no
configure:13834: checking for sys/time.h
configure:13834: gcc -c   conftest.c >&5
configure:13834: $? = 0
configure:13834: result: yes
configure:13841: checking for sys/types.h
configure:13841: result: yes
configure:13848: checking for unistd.h
configure:13848: result: yes
configure:13855: checking for arpa/inet.h
configure:13855: gcc -c   conftest.c >&5
configure:13855: $? = 0
configure:13855: result: yes
configure:13874: checking for netinet/in.h
configure:13874: gcc -c   conftest.c >&5
configure:13874: $? = 0
configure:13874: result: yes
configure:13893: checking for netinet/tcp.h
configure:13893: gcc -c   conftest.c >&5
configure:13893: $? = 0
configure:13893: result: yes
configure:13915: checking whether to enable assertions
configure:13936: result: yes
configure:13939: checking for _Bool
configure:13939: gcc -c   conftest.c >&5
configure:13939: $? = 0
configure:13939: gcc -c   conftest.c >&5
conftest.c: In function 'main':
conftest.c:74:20: error: expected expression before ')' token
   74 | if (sizeof ((_Bool)))
      |                    ^
configure:13939: $? = 1
configure: failed program was:
| /* confdefs.h */
| #define PACKAGE_NAME "openocd"
| #define PACKAGE_TARNAME "openocd"
| #define PACKAGE_VERSION "0.12.0+dev"
| #define PACKAGE_STRING "openocd 0.12.0+dev"
| #define PACKAGE_BUGREPORT "OpenOCD Mailing List <openocd-devel@lists.sourceforge.net>"
| #define PACKAGE_URL ""
| #define PACKAGE "openocd"
| #define VERSION "0.12.0+dev"
| #define HAVE_STDIO_H 1
| #define HAVE_STDLIB_H 1
| #define HAVE_STRING_H 1
| #define HAVE_INTTYPES_H 1
| #define HAVE_STDINT_H 1
| #define HAVE_STRINGS_H 1
| #define HAVE_SYS_STAT_H 1
| #define HAVE_SYS_TYPES_H 1
| #define HAVE_UNISTD_H 1
| #define STDC_HEADERS 1
| #define HAVE_DLFCN_H 1
| #define LT_OBJDIR ".libs/"
| #define HAVE_UNSIGNED_LONG_LONG_INT 1
| #define HAVE_LONG_LONG_INT 1
| #define HAVE_SYS_SOCKET_H 1
| #define HAVE_ELF_H 1
| #define HAVE_ELF64 1
| #define HAVE_FCNTL_H 1
| #define HAVE_MALLOC_H 1
| #define HAVE_NETDB_H 1
| #define HAVE_POLL_H 1
| #define HAVE_STRINGS_H 1
| #define HAVE_SYS_IOCTL_H 1
| #define HAVE_SYS_PARAM_H 1
| #define HAVE_SYS_SELECT_H 1
| #define HAVE_SYS_STAT_H 1
| #define HAVE_SYS_TIME_H 1
| #define HAVE_SYS_TYPES_H 1
| #define HAVE_UNISTD_H 1
| #define HAVE_ARPA_INET_H 1
| #define HAVE_NETINET_IN_H 1
| #define HAVE_NETINET_TCP_H 1
| /* end confdefs.h.  */
| #include <stddef.h>
| #ifdef HAVE_STDIO_H
| # include <stdio.h>
| #endif
| #ifdef HAVE_STDLIB_H
| # include <stdlib.h>
| #endif
| #ifdef HAVE_STRING_H
| # include <string.h>
| #endif
| #ifdef HAVE_INTTYPES_H
| # include <inttypes.h>
| #endif
| #ifdef HAVE_STDINT_H
| # include <stdint.h>
| #endif
| #ifdef HAVE_STRINGS_H
| # include <strings.h>
| #endif
| #ifdef HAVE_SYS_TYPES_H
| # include <sys/types.h>
| #endif
| #ifdef HAVE_SYS_STAT_H
| # include <sys/stat.h>
| #endif
| #ifdef HAVE_UNISTD_H
| # include <unistd.h>
| #endif
| int
| main (void)
| {
| if (sizeof ((_Bool)))
| 	    return 0;
|   ;
|   return 0;
| }
configure:13939: result: yes
configure:13948: checking for stdbool.h that conforms to C99
configure:14064: gcc -c   conftest.c >&5
configure:14064: $? = 0
configure:14072: result: yes
configure:14082: checking whether byte ordering is bigendian
configure:14098: gcc -c   conftest.c >&5
conftest.c:46:16: error: unknown type name 'not'
   46 |                not a universal capable compiler
      |                ^~~
conftest.c:46:22: error: expected '=', ',', ';', 'asm' or '__attribute__' before 'universal'
   46 |                not a universal capable compiler
      |                      ^~~~~~~~~
conftest.c:46:22: error: unknown type name 'universal'
configure:14098: $? = 1
configure: failed program was:
| /* confdefs.h */
| #define PACKAGE_NAME "openocd"
| #define PACKAGE_TARNAME "openocd"
| #define PACKAGE_VERSION "0.12.0+dev"
| #define PACKAGE_STRING "openocd 0.12.0+dev"
| #define PACKAGE_BUGREPORT "OpenOCD Mailing List <openocd-devel@lists.sourceforge.net>"
| #define PACKAGE_URL ""
| #define PACKAGE "openocd"
| #define VERSION "0.12.0+dev"
| #define HAVE_STDIO_H 1
| #define HAVE_STDLIB_H 1
| #define HAVE_STRING_H 1
| #define HAVE_INTTYPES_H 1
| #define HAVE_STDINT_H 1
| #define HAVE_STRINGS_H 1
| #define HAVE_SYS_STAT_H 1
| #define HAVE_SYS_TYPES_H 1
| #define HAVE_UNISTD_H 1
| #define STDC_HEADERS 1
| #define HAVE_DLFCN_H 1
| #define LT_OBJDIR ".libs/"
| #define HAVE_UNSIGNED_LONG_LONG_INT 1
| #define HAVE_LONG_LONG_INT 1
| #define HAVE_SYS_SOCKET_H 1
| #define HAVE_ELF_H 1
| #define HAVE_ELF64 1
| #define HAVE_FCNTL_H 1
| #define HAVE_MALLOC_H 1
| #define HAVE_NETDB_H 1
| #define HAVE_POLL_H 1
| #define HAVE_STRINGS_H 1
| #define HAVE_SYS_IOCTL_H 1
| #define HAVE_SYS_PARAM_H 1
| #define HAVE_SYS_SELECT_H 1
| #define HAVE_SYS_STAT_H 1
| #define HAVE_SYS_TIME_H 1
| #define HAVE_SYS_TYPES_H 1
| #define HAVE_UNISTD_H 1
| #define HAVE_ARPA_INET_H 1
| #define HAVE_NETINET_IN_H 1
| #define HAVE_NETINET_TCP_H 1
| #define HAVE__BOOL 1
| #define HAVE_STDBOOL_H 1
| /* end confdefs.h.  */
| #ifndef __APPLE_CC__
| 	       not a universal capable compiler
| 	     #endif
| 	     typedef int dummy;
| 
configure:14144: gcc -c   conftest.c >&5
configure:14144: $? = 0
configure:14163: gcc -c   conftest.c >&5
conftest.c: In function 'main':
conftest.c:52:18: error: unknown type name 'not'; did you mean 'ino_t'?
   52 |                  not big endian
      |                  ^~~
      |                  ino_t
conftest.c:52:26: error: expected '=', ',', ';', 'asm' or '__attribute__' before 'endian'
   52 |                  not big endian
      |                          ^~~~~~
configure:14163: $? = 1
configure: failed program was:
| /* confdefs.h */
| #define PACKAGE_NAME "openocd"
| #define PACKAGE_TARNAME "openocd"
| #define PACKAGE_VERSION "0.12.0+dev"
| #define PACKAGE_STRING "openocd 0.12.0+dev"
| #define PACKAGE_BUGREPORT "OpenOCD Mailing List <openocd-devel@lists.sourceforge.net>"
| #define PACKAGE_URL ""
| #define PACKAGE "openocd"
| #define VERSION "0.12.0+dev"
| #define HAVE_STDIO_H 1
| #define HAVE_STDLIB_H 1
| #define HAVE_STRING_H 1
| #define HAVE_INTTYPES_H 1
| #define HAVE_STDINT_H 1
| #define HAVE_STRINGS_H 1
| #define HAVE_SYS_STAT_H 1
| #define HAVE_SYS_TYPES_H 1
| #define HAVE_UNISTD_H 1
| #define STDC_HEADERS 1
| #define HAVE_DLFCN_H 1
| #define LT_OBJDIR ".libs/"
| #define HAVE_UNSIGNED_LONG_LONG_INT 1
| #define HAVE_LONG_LONG_INT 1
| #define HAVE_SYS_SOCKET_H 1
| #define HAVE_ELF_H 1
| #define HAVE_ELF64 1
| #define HAVE_FCNTL_H 1
| #define HAVE_MALLOC_H 1
| #define HAVE_NETDB_H 1
| #define HAVE_POLL_H 1
| #define HAVE_STRINGS_H 1
| #define HAVE_SYS_IOCTL_H 1
| #define HAVE_SYS_PARAM_H 1
| #define HAVE_SYS_SELECT_H 1
| #define HAVE_SYS_STAT_H 1
| #define HAVE_SYS_TIME_H 1
| #define HAVE_SYS_TYPES_H 1
| #define HAVE_UNISTD_H 1
| #define HAVE_ARPA_INET_H 1
| #define HAVE_NETINET_IN_H 1
| #define HAVE_NETINET_TCP_H 1
| #define HAVE__BOOL 1
| #define HAVE_STDBOOL_H 1
| /* end confdefs.h.  */
| #include <sys/types.h>
| 		#include <sys/param.h>
| 
| int
| main (void)
| {
| #if BYTE_ORDER != BIG_ENDIAN
| 		 not big endian
| 		#endif
| 
|   ;
|   return 0;
| }
configure:14297: result: no
configure:14316: checking for strndup
configure:14316: gcc -o conftest    conftest.c  >&5
conftest.c:61:6: warning: conflicting types for built-in function 'strndup'; expected 'char *(const char *, long unsigned int)' [-Wbuiltin-declaration-mismatch]
   61 | char strndup ();
      |      ^~~~~~~
configure:14316: $? = 0
configure:14316: result: yes
configure:14323: checking for strnlen
configure:14323: gcc -o conftest    conftest.c  >&5
conftest.c:62:6: warning: conflicting types for built-in function 'strnlen'; expected 'long unsigned int(const char *, long unsigned int)' [-Wbuiltin-declaration-mismatch]
   62 | char strnlen ();
      |      ^~~~~~~
configure:14323: $? = 0
configure:14323: result: yes
configure:14330: checking for gettimeofday
configure:14330: gcc -o conftest    conftest.c  >&5
configure:14330: $? = 0
configure:14330: result: yes
configure:14337: checking for usleep
configure:14337: gcc -o conftest    conftest.c  >&5
configure:14337: $? = 0
configure:14337: result: yes
configure:14344: checking for realpath
configure:14344: gcc -o conftest    conftest.c  >&5
configure:14344: $? = 0
configure:14344: result: yes
configure:14353: checking whether to build a release
configure:14365: result: no
configure:14407: checking whether to build Doxygen as HTML
configure:14409: result: yes
configure:14421: checking whether to build Doxygen as PDF
configure:14423: result: no
configure:14481: checking whether to enable verbose USB I/O messages
configure:14483: result: no
configure:14494: checking whether to enable verbose USB communication messages
configure:14496: result: no
configure:14515: checking whether to enable malloc free space logging
configure:14517: result: no
configure:15523: checking for libusb-1.0
configure:15530: $PKG_CONFIG --exists --print-errors "libusb-1.0"
configure:15533: $? = 0
configure:15547: $PKG_CONFIG --exists --print-errors "libusb-1.0"
configure:15550: $? = 0
configure:15596: result: yes
configure:15604: libusb-1.0 header bug workaround: LIBUSB1_CFLAGS changed to "-isystem /usr/local/include/libusb-1.0"
configure:15607: $PKG_CONFIG --exists --print-errors "libusb-1.0 >= 1.0.16"
configure:15610: $? = 0
configure:15638: checking for capstone
configure:15645: $PKG_CONFIG --exists --print-errors "capstone"
Package capstone was not found in the pkg-config search path.
Perhaps you should add the directory containing `capstone.pc'
to the PKG_CONFIG_PATH environment variable
No package 'capstone' found
configure:15648: $? = 1
configure:15662: $PKG_CONFIG --exists --print-errors "capstone"
Package capstone was not found in the pkg-config search path.
Perhaps you should add the directory containing `capstone.pc'
to the PKG_CONFIG_PATH environment variable
No package 'capstone' found
configure:15665: $? = 1
configure:15679: result: no
No package 'capstone' found
configure:15736: checking for hidapi
configure:15743: $PKG_CONFIG --exists --print-errors "$hidapi_lib"
Package hidapi was not found in the pkg-config search path.
Perhaps you should add the directory containing `hidapi.pc'
to the PKG_CONFIG_PATH environment variable
No package 'hidapi' found
configure:15746: $? = 1
configure:15760: $PKG_CONFIG --exists --print-errors "$hidapi_lib"
Package hidapi was not found in the pkg-config search path.
Perhaps you should add the directory containing `hidapi.pc'
to the PKG_CONFIG_PATH environment variable
No package 'hidapi' found
configure:15763: $? = 1
configure:15777: result: no
No package 'hidapi' found
configure:15736: checking for hidapi-hidraw
configure:15743: $PKG_CONFIG --exists --print-errors "$hidapi_lib"
configure:15746: $? = 0
configure:15760: $PKG_CONFIG --exists --print-errors "$hidapi_lib"
configure:15763: $? = 0
configure:15805: result: yes
configure:15816: checking for libftdi1
configure:15823: $PKG_CONFIG --exists --print-errors "libftdi1"
configure:15826: $? = 0
configure:15840: $PKG_CONFIG --exists --print-errors "libftdi1"
configure:15843: $? = 0
configure:16025: result: yes
configure:16030: $PKG_CONFIG --exists --print-errors "libftdi1 >= 1.5"
configure:16033: $? = 0
configure:16044: checking for libgpiod
configure:16051: $PKG_CONFIG --exists --print-errors "libgpiod"
Package libgpiod was not found in the pkg-config search path.
Perhaps you should add the directory containing `libgpiod.pc'
to the PKG_CONFIG_PATH environment variable
No package 'libgpiod' found
configure:16054: $? = 1
configure:16068: $PKG_CONFIG --exists --print-errors "libgpiod"
Package libgpiod was not found in the pkg-config search path.
Perhaps you should add the directory containing `libgpiod.pc'
to the PKG_CONFIG_PATH environment variable
No package 'libgpiod' found
configure:16071: $? = 1
configure:16085: result: no
No package 'libgpiod' found
configure:16116: checking for libjaylink >= 0.2
configure:16123: $PKG_CONFIG --exists --print-errors "libjaylink >= 0.2"
Package libjaylink was not found in the pkg-config search path.
Perhaps you should add the directory containing `libjaylink.pc'
to the PKG_CONFIG_PATH environment variable
No package 'libjaylink' found
configure:16126: $? = 1
configure:16140: $PKG_CONFIG --exists --print-errors "libjaylink >= 0.2"
Package libjaylink was not found in the pkg-config search path.
Perhaps you should add the directory containing `libjaylink.pc'
to the PKG_CONFIG_PATH environment variable
No package 'libjaylink' found
configure:16143: $? = 1
configure:16157: result: no
No package 'libjaylink' found
configure:17582: checking for environ in unistd.h and stdlib.h
configure:17600: gcc -c   conftest.c >&5
configure:17600: $? = 0
configure:17603: result: yes
configure:17799: checking that generated files are newer than configure
configure:17805: result: done
configure:18085: creating ./config.status

## ---------------- ##
## Cache variables. ##
## ---------------- ##

ac_cv_build=x86_64-pc-linux-gnu
ac_cv_c_bigendian=no
ac_cv_c_compiler_gnu=yes
ac_cv_c_const=yes
ac_cv_env_CAPSTONE_CFLAGS_set=
ac_cv_env_CAPSTONE_CFLAGS_value=
ac_cv_env_CAPSTONE_LIBS_set=
ac_cv_env_CAPSTONE_LIBS_value=
ac_cv_env_CC_set=
ac_cv_env_CC_value=
ac_cv_env_CFLAGS_set=set
ac_cv_env_CFLAGS_value=
ac_cv_env_CPPFLAGS_set=
ac_cv_env_CPPFLAGS_value=
ac_cv_env_CPP_set=
ac_cv_env_CPP_value=
ac_cv_env_HIDAPI_CFLAGS_set=
ac_cv_env_HIDAPI_CFLAGS_value=
ac_cv_env_HIDAPI_LIBS_set=
ac_cv_env_HIDAPI_LIBS_value=
ac_cv_env_LDFLAGS_set=
ac_cv_env_LDFLAGS_value=
ac_cv_env_LIBFTDI_CFLAGS_set=
ac_cv_env_LIBFTDI_CFLAGS_value=
ac_cv_env_LIBFTDI_LIBS_set=
ac_cv_env_LIBFTDI_LIBS_value=
ac_cv_env_LIBGPIOD_CFLAGS_set=
ac_cv_env_LIBGPIOD_CFLAGS_value=
ac_cv_env_LIBGPIOD_LIBS_set=
ac_cv_env_LIBGPIOD_LIBS_value=
ac_cv_env_LIBJAYLINK_CFLAGS_set=
ac_cv_env_LIBJAYLINK_CFLAGS_value=
ac_cv_env_LIBJAYLINK_LIBS_set=
ac_cv_env_LIBJAYLINK_LIBS_value=
ac_cv_env_LIBS_set=set
ac_cv_env_LIBS_value=
ac_cv_env_LIBUSB1_CFLAGS_set=
ac_cv_env_LIBUSB1_CFLAGS_value=
ac_cv_env_LIBUSB1_LIBS_set=
ac_cv_env_LIBUSB1_LIBS_value=
ac_cv_env_LT_SYS_LIBRARY_PATH_set=
ac_cv_env_LT_SYS_LIBRARY_PATH_value=
ac_cv_env_PKG_CONFIG_LIBDIR_set=
ac_cv_env_PKG_CONFIG_LIBDIR_value=
ac_cv_env_PKG_CONFIG_PATH_set=
ac_cv_env_PKG_CONFIG_PATH_value=
ac_cv_env_PKG_CONFIG_set=
ac_cv_env_PKG_CONFIG_value=
ac_cv_env_build_alias_set=
ac_cv_env_build_alias_value=
ac_cv_env_host_alias_set=
ac_cv_env_host_alias_value=
ac_cv_env_target_alias_set=
ac_cv_env_target_alias_value=
ac_cv_func_gettimeofday=yes
ac_cv_func_realpath=yes
ac_cv_func_strndup=yes
ac_cv_func_strnlen=yes
ac_cv_func_usleep=yes
ac_cv_header_arpa_inet_h=yes
ac_cv_header_dlfcn_h=yes
ac_cv_header_elf_h=yes
ac_cv_header_fcntl_h=yes
ac_cv_header_inttypes_h=yes
ac_cv_header_malloc_h=yes
ac_cv_header_netdb_h=yes
ac_cv_header_netinet_in_h=yes
ac_cv_header_netinet_tcp_h=yes
ac_cv_header_poll_h=yes
ac_cv_header_stdbool_h=yes
ac_cv_header_stdint_h=yes
ac_cv_header_stdio_h=yes
ac_cv_header_stdlib_h=yes
ac_cv_header_string_h=yes
ac_cv_header_strings_h=yes
ac_cv_header_sys_ioctl_h=yes
ac_cv_header_sys_param_h=yes
ac_cv_header_sys_select_h=yes
ac_cv_header_sys_socket_h=yes
ac_cv_header_sys_stat_h=yes
ac_cv_header_sys_sysctl_h=no
ac_cv_header_sys_time_h=yes
ac_cv_header_sys_types_h=yes
ac_cv_header_unistd_h=yes
ac_cv_host=x86_64-pc-linux-gnu
ac_cv_objext=o
ac_cv_path_EGREP='/usr/bin/grep -E'
ac_cv_path_FGREP='/usr/bin/grep -F'
ac_cv_path_GREP=/usr/bin/grep
ac_cv_path_SED=/usr/bin/sed
ac_cv_path_ac_pt_PKG_CONFIG=/usr/bin/pkg-config
ac_cv_path_install='/usr/bin/install -c'
ac_cv_path_lt_DD=/usr/bin/dd
ac_cv_path_mkdir=/usr/bin/mkdir
ac_cv_prog_AWK=gawk
ac_cv_prog_CPP='gcc -E'
ac_cv_prog_ac_ct_AR=ar
ac_cv_prog_ac_ct_CC=gcc
ac_cv_prog_ac_ct_MANIFEST_TOOL=mt
ac_cv_prog_ac_ct_OBJDUMP=objdump
ac_cv_prog_ac_ct_RANLIB=ranlib
ac_cv_prog_ac_ct_STRIP=strip
ac_cv_prog_cc_c11=
ac_cv_prog_cc_g=yes
ac_cv_prog_cc_stdc=
ac_cv_prog_make_make_set=yes
ac_cv_search_dlopen='none required'
ac_cv_search_ioperm='none required'
ac_cv_search_openpty='none required'
ac_cv_type__Bool=yes
ac_cv_type_long_long_int=yes
ac_cv_type_unsigned_long_long_int=yes
am_cv_CC_dependencies_compiler_type=gcc3
am_cv_make_support_nested_variables=yes
am_cv_prog_cc_c_o=yes
lt_cv_ar_at_file=@
lt_cv_deplibs_check_method=pass_all
lt_cv_file_magic_cmd='$MAGIC_CMD'
lt_cv_file_magic_test_file=
lt_cv_ld_reload_flag=-r
lt_cv_nm_interface='BSD nm'
lt_cv_objdir=.libs
lt_cv_path_LD=/usr/bin/ld
lt_cv_path_NM='/usr/bin/nm -B'
lt_cv_path_mainfest_tool=no
lt_cv_prog_compiler_c_o=yes
lt_cv_prog_compiler_pic='-fPIC -DPIC'
lt_cv_prog_compiler_pic_works=yes
lt_cv_prog_compiler_rtti_exceptions=no
lt_cv_prog_compiler_static_works=yes
lt_cv_prog_gnu_ld=yes
lt_cv_sharedlib_from_linklib_cmd='printf %s\n'
lt_cv_shlibpath_overrides_runpath=yes
lt_cv_sys_global_symbol_pipe='sed -n -e '\''s/^.*[	 ]\([ABCDGIRSTW][ABCDGIRSTW]*\)[	 ][	 ]*\([_A-Za-z][_A-Za-z0-9]*\)$/\1 \2 \2/p'\'' | sed '\''/ __gnu_lto/d'\'''
lt_cv_sys_global_symbol_to_c_name_address='sed -n -e '\''s/^: \(.*\) .*$/  {"\1", (void *) 0},/p'\'' -e '\''s/^[ABCDGIRSTW][ABCDGIRSTW]* .* \(.*\)$/  {"\1", (void *) \&\1},/p'\'''
lt_cv_sys_global_symbol_to_c_name_address_lib_prefix='sed -n -e '\''s/^: \(.*\) .*$/  {"\1", (void *) 0},/p'\'' -e '\''s/^[ABCDGIRSTW][ABCDGIRSTW]* .* \(lib.*\)$/  {"\1", (void *) \&\1},/p'\'' -e '\''s/^[ABCDGIRSTW][ABCDGIRSTW]* .* \(.*\)$/  {"lib\1", (void *) \&\1},/p'\'''
lt_cv_sys_global_symbol_to_cdecl='sed -n -e '\''s/^T .* \(.*\)$/extern int \1();/p'\'' -e '\''s/^[ABCDGIRSTW][ABCDGIRSTW]* .* \(.*\)$/extern char \1;/p'\'''
lt_cv_sys_global_symbol_to_import=
lt_cv_sys_max_cmd_len=1572864
lt_cv_to_host_file_cmd=func_convert_file_noop
lt_cv_to_tool_file_cmd=func_convert_file_noop
lt_cv_truncate_bin='/usr/bin/dd bs=4096 count=1'
pkg_cv_HIDAPI_CFLAGS=-I/usr/include/hidapi
pkg_cv_HIDAPI_LIBS=-lhidapi-hidraw
pkg_cv_LIBFTDI_CFLAGS='-I/usr/local/include/libusb-1.0 -I/usr/include/libftdi1'
pkg_cv_LIBFTDI_LIBS='-L/usr/local/lib -lftdi1 -lusb-1.0'
pkg_cv_LIBUSB1_CFLAGS=-I/usr/local/include/libusb-1.0
pkg_cv_LIBUSB1_LIBS='-L/usr/local/lib -lusb-1.0'

## ----------------- ##
## Output variables. ##
## ----------------- ##

ACLOCAL='${SHELL} '\''/home/oidcat/WCH/OpenOCD/openocd-code/build-aux/missing'\'' aclocal-1.16'
AM335XGPIO_FALSE=''
AM335XGPIO_TRUE='#'
AMDEPBACKSLASH='\'
AMDEP_FALSE='#'
AMDEP_TRUE=''
AMTAR='$${TAR-tar}'
AMTJTAGACCEL_FALSE=''
AMTJTAGACCEL_TRUE='#'
AM_BACKSLASH='\'
AM_DEFAULT_V='$(AM_DEFAULT_VERBOSITY)'
AM_DEFAULT_VERBOSITY='1'
AM_V='$(V)'
AR='ar'
ARMJTAGEW_FALSE='#'
ARMJTAGEW_TRUE=''
AT91RM9200_FALSE=''
AT91RM9200_TRUE='#'
AUTOCONF='${SHELL} '\''/home/oidcat/WCH/OpenOCD/openocd-code/build-aux/missing'\'' autoconf'
AUTOHEADER='${SHELL} '\''/home/oidcat/WCH/OpenOCD/openocd-code/build-aux/missing'\'' autoheader'
AUTOMAKE='${SHELL} '\''/home/oidcat/WCH/OpenOCD/openocd-code/build-aux/missing'\'' automake-1.16'
AWK='gawk'
BCM2835GPIO_FALSE=''
BCM2835GPIO_TRUE='#'
BITBANG_FALSE=''
BITBANG_TRUE='#'
BITQ_FALSE='#'
BITQ_TRUE=''
BUSPIRATE_FALSE='#'
BUSPIRATE_TRUE=''
CAPSTONE_CFLAGS=''
CAPSTONE_LIBS=''
CC='gcc'
CCDEPMODE='depmode=gcc3'
CFLAGS=''
CH347_FALSE='#'
CH347_TRUE=''
CMSIS_DAP_HID_FALSE='#'
CMSIS_DAP_HID_TRUE=''
CMSIS_DAP_USB_FALSE='#'
CMSIS_DAP_USB_TRUE=''
CPP='gcc -E'
CPPFLAGS=''
CSCOPE='cscope'
CTAGS='ctags'
CYGPATH_W='echo'
DEFS='-DHAVE_CONFIG_H'
DEPDIR='.deps'
DLLTOOL='false'
DSYMUTIL=''
DUMMY_FALSE=''
DUMMY_TRUE='#'
DUMPBIN=''
ECHO_C=''
ECHO_N='-n'
ECHO_T=''
EGREP='/usr/bin/grep -E'
EP93XX_FALSE=''
EP93XX_TRUE='#'
ESP_USB_JTAG_FALSE='#'
ESP_USB_JTAG_TRUE=''
ETAGS='etags'
EXEEXT=''
EXTRA_DIST_NEWS='./NEWS-0.10.0 ./NEWS-0.11.0 ./NEWS-0.12.0 ./NEWS-0.2.0 ./NEWS-0.3.0 ./NEWS-0.4.0 ./NEWS-0.5.0 ./NEWS-0.6.0 ./NEWS-0.7.0 ./NEWS-0.8.0 ./NEWS-0.9.0'
FGREP='/usr/bin/grep -F'
FT232R_FALSE='#'
FT232R_TRUE=''
FTDI_FALSE='#'
FTDI_TRUE=''
GCC_WARNINGS='-Wall -Wstrict-prototypes -Wformat-security -Wshadow -Wextra -Wno-unused-parameter -Wbad-function-cast -Wcast-align -Wredundant-decls -Wpointer-arith -Wundef -Werror'
GIVEIO_FALSE=''
GIVEIO_TRUE='#'
GREP='/usr/bin/grep'
GW16012_FALSE=''
GW16012_TRUE='#'
HAVE_CAPSTONE_FALSE=''
HAVE_CAPSTONE_TRUE='#'
HIDAPI_CFLAGS='-I/usr/include/hidapi'
HIDAPI_LIBS='-lhidapi-hidraw'
HLADAPTER_FALSE='#'
HLADAPTER_ICDI_FALSE='#'
HLADAPTER_ICDI_TRUE=''
HLADAPTER_NULINK_FALSE='#'
HLADAPTER_NULINK_TRUE=''
HLADAPTER_STLINK_FALSE='#'
HLADAPTER_STLINK_TRUE=''
HLADAPTER_TRUE=''
HOST_CPPFLAGS=''
IMX_GPIO_FALSE=''
IMX_GPIO_TRUE='#'
INSTALL_DATA='${INSTALL} -m 644'
INSTALL_PROGRAM='${INSTALL}'
INSTALL_SCRIPT='${INSTALL}'
INSTALL_STRIP_PROGRAM='$(install_sh) -c -s'
INTERNAL_JIMTCL_FALSE='#'
INTERNAL_JIMTCL_TRUE=''
INTERNAL_LIBJAYLINK_FALSE=''
INTERNAL_LIBJAYLINK_TRUE='#'
IS_CYGWIN_FALSE=''
IS_CYGWIN_TRUE='#'
IS_DARWIN_FALSE=''
IS_DARWIN_TRUE='#'
IS_MINGW_FALSE=''
IS_MINGW_TRUE='#'
IS_WIN32_FALSE=''
IS_WIN32_TRUE='#'
JLINK_FALSE=''
JLINK_TRUE='#'
JTAG_DPI_FALSE=''
JTAG_DPI_TRUE='#'
JTAG_VPI_FALSE=''
JTAG_VPI_TRUE='#'
KITPROG_FALSE='#'
KITPROG_TRUE=''
LD='/usr/bin/ld -m elf_x86_64'
LDFLAGS=''
LIBFTDI_CFLAGS='-I/usr/local/include/libusb-1.0 -I/usr/include/libftdi1'
LIBFTDI_LIBS='-L/usr/local/lib -lftdi1 -lusb-1.0'
LIBGPIOD_CFLAGS=''
LIBGPIOD_LIBS=''
LIBJAYLINK_CFLAGS=''
LIBJAYLINK_LIBS=''
LIBOBJS=''
LIBS=''
LIBTOOL='$(SHELL) $(top_builddir)/libtool'
LIBTOOL_DEPS='./build-aux//ltmain.sh'
LIBUSB1_CFLAGS='-isystem /usr/local/include/libusb-1.0'
LIBUSB1_LIBS='-L/usr/local/lib -lusb-1.0'
LINUXGPIOD_FALSE=''
LINUXGPIOD_TRUE='#'
LIPO=''
LN_S='ln -s'
LTLIBOBJS=''
LT_SYS_LIBRARY_PATH=''
MAKEINFO='echo makeinfo missing; true'
MANIFEST_TOOL=':'
MKDIR_P='/usr/bin/mkdir -p'
NM='/usr/bin/nm -B'
NMEDIT=''
OBJDUMP='objdump'
OBJEXT='o'
OPENDOUS_FALSE='#'
OPENDOUS_TRUE=''
OPENJTAG_FALSE='#'
OPENJTAG_TRUE=''
OSBDM_FALSE='#'
OSBDM_TRUE=''
OTOOL64=''
OTOOL=''
PACKAGE='openocd'
PACKAGE_BUGREPORT='OpenOCD Mailing List <openocd-devel@lists.sourceforge.net>'
PACKAGE_NAME='openocd'
PACKAGE_STRING='openocd 0.12.0+dev'
PACKAGE_TARNAME='openocd'
PACKAGE_URL=''
PACKAGE_VERSION='0.12.0+dev'
PARPORT_FALSE=''
PARPORT_TRUE='#'
PATH_SEPARATOR=':'
PKG_CONFIG='/usr/bin/pkg-config'
PKG_CONFIG_LIBDIR=''
PKG_CONFIG_PATH=''
PRESTO_FALSE='#'
PRESTO_TRUE=''
RANLIB='ranlib'
RELEASE_FALSE=''
RELEASE_TRUE='#'
REMOTE_BITBANG_FALSE=''
REMOTE_BITBANG_TRUE='#'
RLINK_FALSE='#'
RLINK_TRUE=''
RSHIM_FALSE=''
RSHIM_TRUE='#'
SED='/usr/bin/sed'
SET_MAKE=''
SHELL='/bin/bash'
STRIP='strip'
SYSFSGPIO_FALSE=''
SYSFSGPIO_TRUE='#'
ULINK_FALSE='#'
ULINK_TRUE=''
USBPROG_FALSE='#'
USBPROG_TRUE=''
USB_BLASTER_2_FALSE='#'
USB_BLASTER_2_TRUE=''
USB_BLASTER_DRIVER_FALSE='#'
USB_BLASTER_DRIVER_TRUE=''
USB_BLASTER_FALSE='#'
USB_BLASTER_TRUE=''
USE_HIDAPI_FALSE='#'
USE_HIDAPI_TRUE=''
USE_LIBFTDI_FALSE='#'
USE_LIBFTDI_TRUE=''
USE_LIBGPIOD_FALSE=''
USE_LIBGPIOD_TRUE='#'
USE_LIBJAYLINK_FALSE=''
USE_LIBJAYLINK_TRUE='#'
USE_LIBUSB1_FALSE='#'
USE_LIBUSB1_TRUE=''
VDEBUG_FALSE=''
VDEBUG_TRUE='#'
VERSION='0.12.0+dev'
VSLLINK_FALSE='#'
VSLLINK_TRUE=''
XDS110_FALSE='#'
XDS110_TRUE=''
XLNX_PCIE_XVC_FALSE=''
XLNX_PCIE_XVC_TRUE='#'
ac_ct_AR='ar'
ac_ct_CC='gcc'
ac_ct_DUMPBIN=''
am__EXEEXT_FALSE=''
am__EXEEXT_TRUE='#'
am__fastdepCC_FALSE='#'
am__fastdepCC_TRUE=''
am__include='include'
am__isrc=''
am__leading_dot='.'
am__nodep='_no'
am__quote=''
am__tar='$${TAR-tar} chof - "$$tardir"'
am__untar='$${TAR-tar} xf -'
bindir='${exec_prefix}/bin'
build='x86_64-pc-linux-gnu'
build_alias=''
build_cpu='x86_64'
build_os='linux-gnu'
build_vendor='pc'
datadir='${datarootdir}'
datarootdir='${prefix}/share'
docdir='${datarootdir}/doc/${PACKAGE_TARNAME}'
doxygen_as_html='yes'
doxygen_as_pdf='no'
dvidir='${docdir}'
exec_prefix='${prefix}'
host='x86_64-pc-linux-gnu'
host_alias=''
host_cpu='x86_64'
host_os='linux-gnu'
host_vendor='pc'
htmldir='${docdir}'
includedir='${prefix}/include'
infodir='${datarootdir}/info'
install_sh='${SHELL} /home/oidcat/WCH/OpenOCD/openocd-code/build-aux/install-sh'
libdir='${exec_prefix}/lib'
libexecdir='${exec_prefix}/libexec'
localedir='${datarootdir}/locale'
localstatedir='${prefix}/var'
mandir='${datarootdir}/man'
mkdir_p='$(MKDIR_P)'
oldincludedir='/usr/include'
pdfdir='${docdir}'
prefix='/home/WCH/OpenOCD/CH347'
program_transform_name='s,x,x,'
psdir='${docdir}'
runstatedir='${localstatedir}/run'
sbindir='${exec_prefix}/sbin'
sharedstatedir='${prefix}/com'
subdirs=' jimtcl'
sysconfdir='${prefix}/etc'
target_alias=''

## ----------- ##
## confdefs.h. ##
## ----------- ##

/* confdefs.h */
#define PACKAGE_NAME "openocd"
#define PACKAGE_TARNAME "openocd"
#define PACKAGE_VERSION "0.12.0+dev"
#define PACKAGE_STRING "openocd 0.12.0+dev"
#define PACKAGE_BUGREPORT "OpenOCD Mailing List <openocd-devel@lists.sourceforge.net>"
#define PACKAGE_URL ""
#define PACKAGE "openocd"
#define VERSION "0.12.0+dev"
#define HAVE_STDIO_H 1
#define HAVE_STDLIB_H 1
#define HAVE_STRING_H 1
#define HAVE_INTTYPES_H 1
#define HAVE_STDINT_H 1
#define HAVE_STRINGS_H 1
#define HAVE_SYS_STAT_H 1
#define HAVE_SYS_TYPES_H 1
#define HAVE_UNISTD_H 1
#define STDC_HEADERS 1
#define HAVE_DLFCN_H 1
#define LT_OBJDIR ".libs/"
#define HAVE_UNSIGNED_LONG_LONG_INT 1
#define HAVE_LONG_LONG_INT 1
#define HAVE_SYS_SOCKET_H 1
#define HAVE_ELF_H 1
#define HAVE_ELF64 1
#define HAVE_FCNTL_H 1
#define HAVE_MALLOC_H 1
#define HAVE_NETDB_H 1
#define HAVE_POLL_H 1
#define HAVE_STRINGS_H 1
#define HAVE_SYS_IOCTL_H 1
#define HAVE_SYS_PARAM_H 1
#define HAVE_SYS_SELECT_H 1
#define HAVE_SYS_STAT_H 1
#define HAVE_SYS_TIME_H 1
#define HAVE_SYS_TYPES_H 1
#define HAVE_UNISTD_H 1
#define HAVE_ARPA_INET_H 1
#define HAVE_NETINET_IN_H 1
#define HAVE_NETINET_TCP_H 1
#define HAVE__BOOL 1
#define HAVE_STDBOOL_H 1
#define HAVE_STRNDUP 1
#define HAVE_STRNLEN 1
#define HAVE_GETTIMEOFDAY 1
#define HAVE_USLEEP 1
#define HAVE_REALPATH 1
#define IS_CYGWIN 0
#define IS_MINGW 0
#define IS_WIN32 0
#define IS_DARWIN 0
#define BUILD_PARPORT 0
#define BUILD_CH347 1
#define BUILD_RSHIM 0
#define BUILD_DUMMY 0
#define BUILD_EP93XX 0
#define BUILD_AT91RM9200 0
#define BUILD_BCM2835GPIO 0
#define BUILD_IMX_GPIO 0
#define BUILD_AM335XGPIO 0
#define PARPORT_USE_PPDEV 1
#define PARPORT_USE_GIVEIO 0
#define BUILD_JTAG_VPI 0
#define BUILD_VDEBUG 0
#define BUILD_JTAG_DPI 0
#define BUILD_AMTJTAGACCEL 0
#define BUILD_GW16012 0
#define BUILD_BUSPIRATE 1
#define BUILD_REMOTE_BITBANG 0
#define BUILD_SYSFSGPIO 0
#define BUILD_XLNX_PCIE_XVC 0
#define HAVE_LIBUSB1 1
#define HAVE_LIBUSB_GET_PORT_NUMBERS 1
#define HAVE_CAPSTONE 0
#define HAVE_LIBFTDI_TCIOFLUSH 1
#define BUILD_FTDI 1
#define BUILD_CH347 1
#define BUILD_HLADAPTER_STLINK 1
#define BUILD_HLADAPTER_ICDI 1
#define BUILD_ULINK 1
#define BUILD_USB_BLASTER_2 1
#define BUILD_FT232R 1
#define BUILD_VSLLINK 1
#define BUILD_XDS110 1
#define BUILD_CMSIS_DAP_USB 1
#define BUILD_OSBDM 1
#define BUILD_OPENDOUS 1
#define BUILD_ARMJTAGEW 1
#define BUILD_RLINK 1
#define BUILD_USBPROG 1
#define BUILD_ESP_USB_JTAG 1
#define BUILD_CMSIS_DAP_HID 1
#define BUILD_HLADAPTER_NULINK 1
#define BUILD_KITPROG 1
#define BUILD_USB_BLASTER 1
#define BUILD_PRESTO 1
#define BUILD_OPENJTAG 1
#define BUILD_LINUXGPIOD 0
#define BUILD_JLINK 0
#define BUILD_HLADAPTER 1
#define _GNU_SOURCE 1

configure: exit 0

## ---------------------- ##
## Running config.status. ##
## ---------------------- ##

This file was extended by openocd config.status 0.12.0+dev, which was
generated by GNU Autoconf 2.71.  Invocation command line was

  CONFIG_FILES    = 
  CONFIG_HEADERS  = 
  CONFIG_LINKS    = 
  CONFIG_COMMANDS = 
  $ ./config.status 

on oidcat

config.status:1302: creating Makefile
config.status:1302: creating config.h
config.status:1483: config.h is unchanged
config.status:1531: executing depfiles commands
config.status:1608: cd .       && sed -e '/# am--include-marker/d' Makefile         | make -f - am--depfiles
make[3]: Entering directory '/home/oidcat/WCH/OpenOCD/openocd-code'
make[3]: Leaving directory '/home/oidcat/WCH/OpenOCD/openocd-code'
config.status:1613: $? = 0
config.status:1531: executing libtool commands
